2018-02-27 03:14:14,833 manager INFO 1.1.0
2018-02-27 03:14:14,834 manager INFO Copyright (C) 2003-2010
2018-02-27 03:14:14,835 manager INFO   Noriaki Ando
2018-02-27 03:14:14,836 manager INFO   Intelligent Systems Research Institute, AIST
2018-02-27 03:14:14,836 manager INFO Manager starting.
2018-02-27 03:14:14,837 manager INFO Starting local logging.
2018-02-27 03:14:14,848 manager.namingmanager INFO NameServer connection failed: corba/localhost
2018-02-27 03:14:14,891 ManagerServant INFO Master manager not found
2018-02-27 03:14:14,896 manager WARNING Traceback (most recent call last):
  File "/usr/lib/python2.7/dist-packages/OpenRTM_aist/Manager.py", line 1900, in initManagerServant
    reffile = file(self._config.getProperty("manager.refstring_path"),'w')
IOError: [Errno 13] Permission denied: '/var/log/rtcmanager.ref'

2018-02-27 03:14:14,899 LocalServiceAdmin INFO All the local services are enabled.
2018-02-27 03:14:14,929 manager INFO Component type conf file: RobotARM_RTC.conf loaded.
2018-02-27 03:14:14,951 ec_base INFO setRate(1000000.000000) done
2018-02-27 03:14:14,952 ec_base INFO setRate(1000.000000) done
2018-02-27 03:14:14,957 rtobject INFO 1 execution context was created.
2018-02-27 03:14:15,031 rtobject INFO Initial active configuration set is default-set.
2018-02-27 03:14:24,901 manager.namingmanager INFO NameServer connection failed: corba/localhost
2018-02-27 03:14:24,902 manager.namingmanager INFO Connected to a name server: corba/localhost
2018-02-27 03:14:29,112 ec_worker ERROR State of the RTC is not ACTIVE_STATE.
2018-02-27 03:14:29,117 ec_worker WARNING ExecutionContext is already stopped.
2018-02-27 03:14:29,118 ec_base ERROR Invoking on_shutdown() for each RTC failed.
